[3420:2256:0520/234231:INFO:AppRunner.cpp(619)] Begin run process geeplayer
[3420:2256:0520/234231:INFO:AppRunner.cpp(623)] ProductName is GeePlayer1
[3420:2256:0520/234231:INFO:AppRunner.cpp(662)] apppluginbase version is 4.3.4.80
[3420:2256:0520/234231:INFO:UIlib.cpp(192)] quilib: version is 4.3.4.78
[3420:2256:0520/234231:INFO:serviceManager.cpp(687)] mainprocessisrunning key is set as 1
[3420:2256:0520/234231:INFO:serviceManager.cpp(800)] create local service plugin PluginServerStatePlugin
[3420:2256:0520/234231:INFO:serviceManager.cpp(857)] plugin PluginServerStatePlugin DoPluginInit
[3420:2256:0520/234231:INFO:serviceManager.cpp(1523)] repository parse over
[4412:2920:0520/234232:INFO:AppRunner.cpp(619)] Begin run process geeplayer
[4412:2920:0520/234232:INFO:AppRunner.cpp(623)] ProductName is GeePlayer2
[4412:2920:0520/234232:INFO:AppRunner.cpp(662)] apppluginbase version is 4.3.4.80
[4412:2920:0520/234232:INFO:UIlib.cpp(192)] quilib: version is 4.3.4.78
[4412:2920:0520/234232:INFO:serviceManager.cpp(687)] mainprocessisrunning key is set as 1
[4412:2920:0520/234232:INFO:serviceManager.cpp(800)] create local service plugin PluginServerStatePlugin
[4412:2920:0520/234232:INFO:serviceManager.cpp(694)] service recordPluginServerStatePlugin is dirty old runPID:3420 , right pid:4412 , arrPeerInfo Size:0
[4412:2920:0520/234232:INFO:serviceManager.cpp(704)] service table: name:PluginServerStatePlugin runpid:3420 plugin:0266EE60, 
[4412:2920:0520/234232:INFO:serviceManager.cpp(857)] plugin PluginServerStatePlugin DoPluginInit
[4412:2920:0520/234232:INFO:serviceManager.cpp(1523)] repository parse over
[3420:2256:0520/234232:INFO:UIManager.cpp(372)] quilib:call set resouce path, path is c:\program files (x86)\iqiyi video\geeplayer\2.5.35.3301\skin
[4412:2920:0520/234232:INFO:UIManager.cpp(372)] quilib:call set resouce path, path is c:\program files (x86)\iqiyi video\geeplayer\2.5.35.3301\skin
[4412:2920:0520/234233:INFO:UIDlgBuilder.cpp(407)] quilib:create root control failed
[3420:2256:0520/234233:INFO:UIDlgBuilder.cpp(407)] quilib:create root control failed
[3420:2256:0520/234233:INFO:UIDlgBuilder.cpp(407)] quilib:create root control failed
[4412:2920:0520/234233:INFO:UIDlgBuilder.cpp(407)] quilib:create root control failed
[3420:2256:0520/234233:INFO:UIDlgBuilder.cpp(407)] quilib:create root control failed
[3420:2256:0520/234233:INFO:UIDlgBuilder.cpp(407)] quilib:create root control failed
[4412:2920:0520/234233:INFO:UIDlgBuilder.cpp(407)] quilib:create root control failed
[4412:2920:0520/234233:INFO:UIDlgBuilder.cpp(407)] quilib:create root control failed
[3420:2256:0520/234233:INFO:UIDlgBuilder.cpp(407)] quilib:create root control failed
[3420:2256:0520/234233:INFO:UIDlgBuilder.cpp(407)] quilib:create root control failed
[4412:2920:0520/234233:INFO:UIDlgBuilder.cpp(407)] quilib:create root control failed
[4412:2920:0520/234233:INFO:UIDlgBuilder.cpp(407)] quilib:create root control failed
[4412:2920:0520/234236:INFO:AppRunner.cpp(715)] loop exit geeplayer call main plugin DestoryPluginEntry
[4412:2920:0520/234236:INFO:IPlugin.cpp(117)] real plugin mainPlugin call DestroyPlugin
[4412:2920:0520/234237:INFO:IPlugin.cpp(374)] destruct plugin mainPlugin
[4412:2920:0520/234237:INFO:serviceManager.cpp(1608)] mainPlugin plugin had destroy by DestructPlugin
[4412:2920:0520/234237:INFO:serviceManager.cpp(2532)] DestructManager begin
[4412:2920:0520/234237:INFO:IPlugin.cpp(374)] destruct plugin PluginServerStatePlugin
[4412:2920:0520/234237:INFO:IPlugin.cpp(286)] real plugin PluginServerStatePlugin call DestroyPlugin
[4412:2920:0520/234237:INFO:serviceManager.cpp(1608)] PluginServerStatePlugin plugin had destroy by DestructPlugin
[4412:2920:0520/234237:INFO:serviceManager.cpp(2408)] DeleteLeftPlugins begin
[4412:2920:0520/234237:INFO:serviceManager.cpp(2470)] DeleteLeftPlugins end
[4412:2920:0520/234237:INFO:serviceManager.cpp(687)] mainprocessisrunning key is set as 0
[4412:2920:0520/234237:INFO:AppRunner.cpp(730)] close mutex of process geeplayer
[4412:2920:0520/234237:INFO:AppRunner.cpp(738)] run process geeplayer end
[3420:2256:0520/234244:INFO:AppRunner.cpp(715)] loop exit geeplayer call main plugin DestoryPluginEntry
[3420:2256:0520/234244:INFO:IPlugin.cpp(117)] real plugin mainPlugin call DestroyPlugin
[3420:2256:0520/234244:INFO:IPlugin.cpp(374)] destruct plugin mainPlugin
[3420:2256:0520/234244:INFO:serviceManager.cpp(1608)] mainPlugin plugin had destroy by DestructPlugin
[3420:2256:0520/234244:INFO:serviceManager.cpp(2532)] DestructManager begin
[3420:2256:0520/234244:INFO:IPlugin.cpp(374)] destruct plugin PluginServerStatePlugin
[3420:2256:0520/234244:INFO:IPlugin.cpp(286)] real plugin PluginServerStatePlugin call DestroyPlugin
[3420:2256:0520/234244:INFO:serviceManager.cpp(1608)] PluginServerStatePlugin plugin had destroy by DestructPlugin
[3420:2256:0520/234244:INFO:serviceManager.cpp(2408)] DeleteLeftPlugins begin
[3420:2256:0520/234244:INFO:serviceManager.cpp(2470)] DeleteLeftPlugins end
[3420:2256:0520/234244:INFO:serviceManager.cpp(687)] mainprocessisrunning key is set as 0
[3420:2256:0520/234244:INFO:AppRunner.cpp(730)] close mutex of process geeplayer
[3420:2256:0520/234244:INFO:AppRunner.cpp(738)] run process geeplayer end
[1348:576:0520/234253:INFO:AppRunner.cpp(619)] Begin run process geeplayer
[1348:576:0520/234253:INFO:AppRunner.cpp(623)] ProductName is GeePlayer1
[1348:576:0520/234253:INFO:AppRunner.cpp(662)] apppluginbase version is 4.3.4.80
[1348:576:0520/234253:INFO:UIlib.cpp(192)] quilib: version is 4.3.4.78
[1348:576:0520/234253:INFO:serviceManager.cpp(687)] mainprocessisrunning key is set as 1
[1348:576:0520/234253:INFO:serviceManager.cpp(800)] create local service plugin PluginServerStatePlugin
[1348:576:0520/234253:INFO:serviceManager.cpp(857)] plugin PluginServerStatePlugin DoPluginInit
[1348:576:0520/234253:INFO:serviceManager.cpp(1523)] repository parse over
[1348:576:0520/234253:INFO:UIManager.cpp(372)] quilib:call set resouce path, path is c:\program files (x86)\iqiyi video\geeplayer\2.5.35.3301\skin
[1348:576:0520/234253:INFO:UIDlgBuilder.cpp(407)] quilib:create root control failed
[1348:576:0520/234253:INFO:UIDlgBuilder.cpp(407)] quilib:create root control failed
[1348:576:0520/234253:INFO:UIDlgBuilder.cpp(407)] quilib:create root control failed
[1348:576:0520/234253:INFO:UIDlgBuilder.cpp(407)] quilib:create root control failed
[1348:576:0520/234253:INFO:UIDlgBuilder.cpp(407)] quilib:create root control failed
[1348:576:0520/234253:INFO:UIDlgBuilder.cpp(407)] quilib:create root control failed
[1348:576:0520/234255:INFO:AppRunner.cpp(715)] loop exit geeplayer call main plugin DestoryPluginEntry
[1348:576:0520/234255:INFO:IPlugin.cpp(117)] real plugin mainPlugin call DestroyPlugin
[1348:576:0520/234255:INFO:IPlugin.cpp(374)] destruct plugin mainPlugin
[1348:576:0520/234255:INFO:serviceManager.cpp(1608)] mainPlugin plugin had destroy by DestructPlugin
[1348:576:0520/234255:INFO:serviceManager.cpp(2532)] DestructManager begin
[1348:576:0520/234255:INFO:IPlugin.cpp(374)] destruct plugin PluginServerStatePlugin
[1348:576:0520/234255:INFO:IPlugin.cpp(286)] real plugin PluginServerStatePlugin call DestroyPlugin
[1348:576:0520/234255:INFO:serviceManager.cpp(1608)] PluginServerStatePlugin plugin had destroy by DestructPlugin
[1348:576:0520/234255:INFO:serviceManager.cpp(2408)] DeleteLeftPlugins begin
[1348:576:0520/234255:INFO:serviceManager.cpp(2470)] DeleteLeftPlugins end
[1348:576:0520/234255:INFO:serviceManager.cpp(687)] mainprocessisrunning key is set as 0
[1348:576:0520/234255:INFO:AppRunner.cpp(730)] close mutex of process geeplayer
[1348:576:0520/234255:INFO:AppRunner.cpp(738)] run process geeplayer end
[2196:1432:0520/234256:INFO:AppRunner.cpp(619)] Begin run process geeplayer
[2196:1432:0520/234256:INFO:AppRunner.cpp(623)] ProductName is GeePlayer1
[2196:1432:0520/234256:INFO:AppRunner.cpp(662)] apppluginbase version is 4.3.4.80
[2196:1432:0520/234256:INFO:UIlib.cpp(192)] quilib: version is 4.3.4.78
[2196:1432:0520/234256:INFO:serviceManager.cpp(687)] mainprocessisrunning key is set as 1
[2196:1432:0520/234256:INFO:serviceManager.cpp(800)] create local service plugin PluginServerStatePlugin
[2196:1432:0520/234256:INFO:serviceManager.cpp(857)] plugin PluginServerStatePlugin DoPluginInit
[2196:1432:0520/234256:INFO:serviceManager.cpp(1523)] repository parse over
[2196:1432:0520/234256:INFO:UIManager.cpp(372)] quilib:call set resouce path, path is c:\program files (x86)\iqiyi video\geeplayer\2.5.35.3301\skin
[2196:1432:0520/234256:INFO:UIDlgBuilder.cpp(407)] quilib:create root control failed
[2196:1432:0520/234256:INFO:UIDlgBuilder.cpp(407)] quilib:create root control failed
[2196:1432:0520/234256:INFO:UIDlgBuilder.cpp(407)] quilib:create root control failed
[2196:1432:0520/234256:INFO:UIDlgBuilder.cpp(407)] quilib:create root control failed
[2196:1432:0520/234256:INFO:UIDlgBuilder.cpp(407)] quilib:create root control failed
[2196:1432:0520/234256:INFO:UIDlgBuilder.cpp(407)] quilib:create root control failed
[2196:1432:0520/234300:INFO:AppRunner.cpp(715)] loop exit geeplayer call main plugin DestoryPluginEntry
[2196:1432:0520/234300:INFO:IPlugin.cpp(117)] real plugin mainPlugin call DestroyPlugin
[2196:1432:0520/234300:INFO:IPlugin.cpp(374)] destruct plugin mainPlugin
[2196:1432:0520/234300:INFO:serviceManager.cpp(1608)] mainPlugin plugin had destroy by DestructPlugin
[2196:1432:0520/234300:INFO:serviceManager.cpp(2532)] DestructManager begin
[2196:1432:0520/234300:INFO:IPlugin.cpp(374)] destruct plugin PluginServerStatePlugin
[2196:1432:0520/234300:INFO:IPlugin.cpp(286)] real plugin PluginServerStatePlugin call DestroyPlugin
[2196:1432:0520/234300:INFO:serviceManager.cpp(1608)] PluginServerStatePlugin plugin had destroy by DestructPlugin
[2196:1432:0520/234300:INFO:serviceManager.cpp(2408)] DeleteLeftPlugins begin
[2196:1432:0520/234300:INFO:serviceManager.cpp(2470)] DeleteLeftPlugins end
[2196:1432:0520/234300:INFO:serviceManager.cpp(687)] mainprocessisrunning key is set as 0
[2196:1432:0520/234300:INFO:AppRunner.cpp(730)] close mutex of process geeplayer
[2196:1432:0520/234300:INFO:AppRunner.cpp(738)] run process geeplayer end
[4564:6528:0521/101806:INFO:AppRunner.cpp(619)] Begin run process geeplayer
[4564:6528:0521/101806:INFO:AppRunner.cpp(623)] ProductName is GeePlayer1
[4564:6528:0521/101806:INFO:AppRunner.cpp(662)] apppluginbase version is 4.3.4.80
[4564:6528:0521/101806:INFO:UIlib.cpp(192)] quilib: version is 4.3.4.78
[4564:6528:0521/101806:INFO:serviceManager.cpp(687)] mainprocessisrunning key is set as 1
[4564:6528:0521/101806:INFO:serviceManager.cpp(800)] create local service plugin PluginServerStatePlugin
[4564:6528:0521/101806:INFO:serviceManager.cpp(857)] plugin PluginServerStatePlugin DoPluginInit
[4564:6528:0521/101806:INFO:serviceManager.cpp(1523)] repository parse over
[4564:6528:0521/101807:INFO:UIManager.cpp(372)] quilib:call set resouce path, path is c:\program files (x86)\iqiyi video\geeplayer\2.5.35.3301\skin
[4564:6528:0521/101807:INFO:UIDlgBuilder.cpp(407)] quilib:create root control failed
[4564:6528:0521/101807:INFO:UIDlgBuilder.cpp(407)] quilib:create root control failed
[4564:6528:0521/101807:INFO:UIDlgBuilder.cpp(407)] quilib:create root control failed
[4564:6528:0521/101807:INFO:UIDlgBuilder.cpp(407)] quilib:create root control failed
[4564:6528:0521/101807:INFO:UIDlgBuilder.cpp(407)] quilib:create root control failed
[4564:6528:0521/101807:INFO:UIDlgBuilder.cpp(407)] quilib:create root control failed
[4564:6528:0521/102445:INFO:AppRunner.cpp(715)] loop exit geeplayer call main plugin DestoryPluginEntry
[4564:6528:0521/102445:INFO:IPlugin.cpp(117)] real plugin mainPlugin call DestroyPlugin
[4564:6528:0521/102445:INFO:IPlugin.cpp(374)] destruct plugin mainPlugin
[4564:6528:0521/102445:INFO:serviceManager.cpp(1608)] mainPlugin plugin had destroy by DestructPlugin
[4564:6528:0521/102445:INFO:serviceManager.cpp(2532)] DestructManager begin
[4564:6528:0521/102445:INFO:IPlugin.cpp(374)] destruct plugin PluginServerStatePlugin
[4564:6528:0521/102445:INFO:IPlugin.cpp(286)] real plugin PluginServerStatePlugin call DestroyPlugin
[4564:6528:0521/102445:INFO:serviceManager.cpp(1608)] PluginServerStatePlugin plugin had destroy by DestructPlugin
[4564:6528:0521/102445:INFO:serviceManager.cpp(2408)] DeleteLeftPlugins begin
[4564:6528:0521/102445:INFO:serviceManager.cpp(2470)] DeleteLeftPlugins end
[4564:6528:0521/102445:INFO:serviceManager.cpp(687)] mainprocessisrunning key is set as 0
[4564:6528:0521/102445:INFO:AppRunner.cpp(730)] close mutex of process geeplayer
[4564:6528:0521/102445:INFO:AppRunner.cpp(738)] run process geeplayer end
